<?xml version="1.0" encoding="UTF-8"?>
<!-- Generated by org.testng.reporters.JUnitReportReporter -->
<testsuite hostname="LAPTOP-5RRVIRMR" failures="0" tests="1" name="com.test.TS001_Login" time="27.497" errors="0" timestamp="2022-12-15T23:49:14 IST" skipped="0">
  <testcase classname="com.test.TS001_Login" name="TC001" time="27.497"/>
  <system-out/>
</testsuite> <!-- com.test.TS001_Login -->
