<?xml version="1.0" encoding="UTF-8"?>
<!-- Generated by org.testng.reporters.JUnitReportReporter -->
<testsuite hostname="LAPTOP-5RRVIRMR" failures="0" tests="1" name="com.test.signup_TC001" time="61.330" errors="0" timestamp="2022-09-11T18:27:15 IST" skipped="0">
  <testcase classname="com.test.signup_TC001" name="TC001" time="61.330"/>
  <system-out/>
</testsuite> <!-- com.test.signup_TC001 -->
