<?xml version="1.0" encoding="UTF-8"?>
<!-- Generated by org.testng.reporters.JUnitReportReporter -->
<testsuite hostname="LAPTOP-5RRVIRMR" failures="0" tests="3" name="com.test.TS001_Login" time="78.464" errors="0" timestamp="2022-12-09T10:40:43 IST" skipped="0">
  <testcase classname="com.test.TS001_Login" name="TC003" time="20.746"/>
  <system-out/>
  <testcase classname="com.test.TS001_Login" name="TC001" time="29.640"/>
  <system-out/>
  <testcase classname="com.test.TS001_Login" name="TC002" time="28.078"/>
  <system-out/>
</testsuite> <!-- com.test.TS001_Login -->
